This is pdfTeX, Version 3.141592653-2.6-1.40.25 (MiKTeX 23.4) (preloaded format=pdflatex 2023.4.22)  18 DEC 2023 17:00
entering extended mode
 restricted \write18 enabled.
 file:line:error style messages enabled.
 %&-line parsing enabled.
**c:/Users/qwert/OneDrive/Documents/GitHub/ThreeBodyProblemVis/Paper/FinalPaper.tex
(c:/Users/qwert/OneDrive/Documents/GitHub/ThreeBodyProblemVis/Paper/FinalPaper.tex
LaTeX2e <2022-11-01> patch level 1
L3 programming layer <2023-03-30> (C:\Users\qwert\AppData\Local\Programs\MiKTeX\tex/latex/base\article.cls
Document Class: article 2022/07/02 v1.4n Standard LaTeX document class
(C:\Users\qwert\AppData\Local\Programs\MiKTeX\tex/latex/base\size10.clo
File: size10.clo 2022/07/02 v1.4n Standard LaTeX file (size option)
)
\c@part=\count185
\c@section=\count186
\c@subsection=\count187
\c@subsubsection=\count188
\c@paragraph=\count189
\c@subparagraph=\count190
\c@figure=\count191
\c@table=\count192
\abovecaptionskip=\skip48
\belowcaptionskip=\skip49
\bibindent=\dimen140
) (C:\Users\qwert\AppData\Local\Programs\MiKTeX\tex/latex/tools\bm.sty
Package: bm 2022/01/05 v1.2f Bold Symbol Support (DPC/FMi)
\symboldoperators=\mathgroup4
\symboldletters=\mathgroup5
\symboldsymbols=\mathgroup6
Package bm Info: No bold for \OMX/cmex/m/n, using \pmb.
LaTeX Font Info:    Redeclaring math alphabet \mathbf on input line 149.
) (C:\Users\qwert\AppData\Local\Programs\MiKTeX\tex/latex/amsmath\amsmath.sty
Package: amsmath 2022/04/08 v2.17n AMS math features
\@mathmargin=\skip50

For additional information on amsmath, use the `?' option.
(C:\Users\qwert\AppData\Local\Programs\MiKTeX\tex/latex/amsmath\amstext.sty
Package: amstext 2021/08/26 v2.01 AMS text
 (C:\Users\qwert\AppData\Local\Programs\MiKTeX\tex/latex/amsmath\amsgen.sty
File: amsgen.sty 1999/11/30 v2.0 generic functions
\@emptytoks=\toks16
\ex@=\dimen141
)) (C:\Users\qwert\AppData\Local\Programs\MiKTeX\tex/latex/amsmath\amsbsy.sty
Package: amsbsy 1999/11/29 v1.2d Bold Symbols
LaTeX Info: Redefining \boldsymbol on input line 28.
\pmbraise@=\dimen142
) (C:\Users\qwert\AppData\Local\Programs\MiKTeX\tex/latex/amsmath\amsopn.sty
Package: amsopn 2022/04/08 v2.04 operator names
)
\inf@bad=\count193
LaTeX Info: Redefining \frac on input line 234.
\uproot@=\count194
\leftroot@=\count195
LaTeX Info: Redefining \overline on input line 399.
LaTeX Info: Redefining \colon on input line 410.
\classnum@=\count196
\DOTSCASE@=\count197
LaTeX Info: Redefining \ldots on input line 496.
LaTeX Info: Redefining \dots on input line 499.
LaTeX Info: Redefining \cdots on input line 620.
\Mathstrutbox@=\box51
\strutbox@=\box52
LaTeX Info: Redefining \big on input line 722.
LaTeX Info: Redefining \Big on input line 723.
LaTeX Info: Redefining \bigg on input line 724.
LaTeX Info: Redefining \Bigg on input line 725.
\big@size=\dimen143
LaTeX Font Info:    Redeclaring font encoding OML on input line 743.
LaTeX Font Info:    Redeclaring font encoding OMS on input line 744.
\macc@depth=\count198
LaTeX Info: Redefining \bmod on input line 905.
LaTeX Info: Redefining \pmod on input line 910.
LaTeX Info: Redefining \smash on input line 940.
LaTeX Info: Redefining \relbar on input line 970.
LaTeX Info: Redefining \Relbar on input line 971.
\c@MaxMatrixCols=\count199
\dotsspace@=\muskip16
\c@parentequation=\count266
\dspbrk@lvl=\count267
\tag@help=\toks17
\row@=\count268
\column@=\count269
\maxfields@=\count270
\andhelp@=\toks18
\eqnshift@=\dimen144
\alignsep@=\dimen145
\tagshift@=\dimen146
\tagwidth@=\dimen147
\totwidth@=\dimen148
\lineht@=\dimen149
\@envbody=\toks19
\multlinegap=\skip51
\multlinetaggap=\skip52
\mathdisplay@stack=\toks20
LaTeX Info: Redefining \[ on input line 2953.
LaTeX Info: Redefining \] on input line 2954.
) (C:\Users\qwert\AppData\Local\Programs\MiKTeX\tex/latex/geometry\geometry.sty
Package: geometry 2020/01/02 v5.9 Page Geometry
 (C:\Users\qwert\AppData\Local\Programs\MiKTeX\tex/latex/graphics\keyval.sty
Package: keyval 2022/05/29 v1.15 key=value parser (DPC)
\KV@toks@=\toks21
) (C:\Users\qwert\AppData\Local\Programs\MiKTeX\tex/generic/iftex\ifvtex.sty
Package: ifvtex 2019/10/25 v1.7 ifvtex legacy package. Use iftex instead.
 (C:\Users\qwert\AppData\Local\Programs\MiKTeX\tex/generic/iftex\iftex.sty
Package: iftex 2022/02/03 v1.0f TeX engine tests
))
\Gm@cnth=\count271
\Gm@cntv=\count272
\c@Gm@tempcnt=\count273
\Gm@bindingoffset=\dimen150
\Gm@wd@mp=\dimen151
\Gm@odd@mp=\dimen152
\Gm@even@mp=\dimen153
\Gm@layoutwidth=\dimen154
\Gm@layoutheight=\dimen155
\Gm@layouthoffset=\dimen156
\Gm@layoutvoffset=\dimen157
\Gm@dimlist=\toks22
 (C:\Users\qwert\AppData\Local\Programs\MiKTeX\tex/latex/geometry\geometry.cfg)) (C:\Users\qwert\AppData\Local\Programs\MiKTeX\tex/latex/l3backend\l3backend-pdftex.def
File: l3backend-pdftex.def 2023-03-30 L3 backend support: PDF output (pdfTeX)
\l__color_backend_stack_int=\count274
\l__pdf_internal_box=\box53
) (FinalPaper.aux)
\openout1 = `FinalPaper.aux'.

LaTeX Font Info:    Checking defaults for OML/cmm/m/it on input line 8.
LaTeX Font Info:    ... okay on input line 8.
LaTeX Font Info:    Checking defaults for OMS/cmsy/m/n on input line 8.
LaTeX Font Info:    ... okay on input line 8.
LaTeX Font Info:    Checking defaults for OT1/cmr/m/n on input line 8.
LaTeX Font Info:    ... okay on input line 8.
LaTeX Font Info:    Checking defaults for T1/cmr/m/n on input line 8.
LaTeX Font Info:    ... okay on input line 8.
LaTeX Font Info:    Checking defaults for TS1/cmr/m/n on input line 8.
LaTeX Font Info:    ... okay on input line 8.
LaTeX Font Info:    Checking defaults for OMX/cmex/m/n on input line 8.
LaTeX Font Info:    ... okay on input line 8.
LaTeX Font Info:    Checking defaults for U/cmr/m/n on input line 8.
LaTeX Font Info:    ... okay on input line 8.

*geometry* driver: auto-detecting
*geometry* detected driver: pdftex
*geometry* verbose mode - [ preamble ] result:
* driver: pdftex
* paper: a4paper
* layout: <same size as paper>
* layoutoffset:(h,v)=(0.0pt,0.0pt)
* modes: 
* h-part:(L,W,R)=(71.13188pt, 455.24411pt, 71.13188pt)
* v-part:(T,H,B)=(71.13188pt, 702.78308pt, 71.13188pt)
* \paperwidth=597.50787pt
* \paperheight=845.04684pt
* \textwidth=455.24411pt
* \textheight=702.78308pt
* \oddsidemargin=-1.1381pt
* \evensidemargin=-1.1381pt
* \topmargin=-38.1381pt
* \headheight=12.0pt
* \headsep=25.0pt
* \topskip=10.0pt
* \footskip=30.0pt
* \marginparwidth=65.0pt
* \marginparsep=11.0pt
* \columnsep=10.0pt
* \skip\footins=9.0pt plus 4.0pt minus 2.0pt
* \hoffset=0.0pt
* \voffset=0.0pt
* \mag=1000
* \@twocolumnfalse
* \@twosidefalse
* \@mparswitchfalse
* \@reversemarginfalse
* (1in=72.27pt=25.4mm, 1cm=28.453pt)

No file FinalPaper.toc.
\tf@toc=\write3
\openout3 = `FinalPaper.toc'.

[1

{C:/Users/qwert/AppData/Local/MiKTeX/fonts/map/pdftex/pdftex.map}] [2]
Overfull \hbox (1.5019pt too wide) in paragraph at lines 118--118
[]    \OT1/cmtt/m/n/10 """Calculatue heuns method for the three body problem for N steps with step size t.[] 
 []


Overfull \hbox (59.2514pt too wide) in paragraph at lines 118--118
[]        \OT1/cmtt/m/n/10 p0 (np.array): 12 dimensional vector of initial conditions corresponding to the following:[] 
 []


Overfull \hbox (17.25177pt too wide) in paragraph at lines 118--118
[]            \OT1/cmtt/m/n/10 p0[6] = vx1, p0[7] = vx2, p0[8] = vx3, p0[9] = vy1, p0[10] = vy2, p0[11] = vy3[] 
 []


Overfull \hbox (33.00163pt too wide) in paragraph at lines 118--118
[]                                \OT1/cmtt/m/n/10 'P3: Y Velocity', 'P1: X Acceleration', 'P2: X Acceleration',[] 
 []


Overfull \hbox (54.00145pt too wide) in paragraph at lines 118--118
[]                                \OT1/cmtt/m/n/10 'P3: X Acceleration', 'P1: Y Acceleration', 'P2: Y Acceleration',[] 
 []


Overfull \hbox (75.00127pt too wide) in paragraph at lines 118--118
[]        \OT1/cmtt/m/n/10 data = [p0[0], p0[1], p0[2], p0[3], p0[4], p0[5], p0[6], p0[7], p0[8], p0[9], p0[10], p0[11],[] 
 []


Overfull \hbox (106.50099pt too wide) in paragraph at lines 118--118
[]            \OT1/cmtt/m/n/10 derivative(p0)[6], derivative(p0)[7], derivative(p0)[8], derivative(p0)[9], derivative(p0)[10],[] 
 []


Overfull \hbox (33.00163pt too wide) in paragraph at lines 118--118
[]                                \OT1/cmtt/m/n/10 'P3: Y Velocity', 'P1: X Acceleration', 'P2: X Acceleration',[] 
 []


Overfull \hbox (54.00145pt too wide) in paragraph at lines 118--118
[]                                \OT1/cmtt/m/n/10 'P3: X Acceleration', 'P1: Y Acceleration', 'P2: Y Acceleration',[] 
 []

[3]
Overfull \hbox (59.2514pt too wide) in paragraph at lines 147--147
[]        \OT1/cmtt/m/n/10 p0 (np.array): 12 dimensional vecotr of initial conditions corresponding to the following:[] 
 []


Overfull \hbox (17.25177pt too wide) in paragraph at lines 147--147
[]            \OT1/cmtt/m/n/10 p0[6] = vx1, p0[7] = vx2, p0[8] = vx3, p0[9] = vy1, p0[10] = vy2, p0[11] = vy3[] 
 []


Overfull \hbox (263.99962pt too wide) in paragraph at lines 147--147
[]    \OT1/cmtt/m/n/10 p1[6] = - ((p0[0] - p0[1])/((p0[0]-p0[1])**2+(p0[3]-p0[4])**2)**(3/2)) - ((p0[0] - p0[2])/((p0[0]-p0[2])**2+(p0[3]-p0[5])**2)**(3/2))[] 
 []


Overfull \hbox (263.99962pt too wide) in paragraph at lines 147--147
[]    \OT1/cmtt/m/n/10 p1[7] = - ((p0[1] - p0[0])/((p0[1]-p0[0])**2+(p0[4]-p0[3])**2)**(3/2)) - ((p0[1] - p0[2])/((p0[1]-p0[2])**2+(p0[4]-p0[5])**2)**(3/2))[] 
 []


Overfull \hbox (263.99962pt too wide) in paragraph at lines 147--147
[]    \OT1/cmtt/m/n/10 p1[8] = - ((p0[2] - p0[0])/((p0[2]-p0[0])**2+(p0[5]-p0[3])**2)**(3/2)) - ((p0[2] - p0[1])/((p0[2]-p0[1])**2+(p0[5]-p0[4])**2)**(3/2))[] 
 []


Overfull \hbox (263.99962pt too wide) in paragraph at lines 147--147
[]    \OT1/cmtt/m/n/10 p1[9] = - ((p0[3] - p0[4])/((p0[0]-p0[1])**2+(p0[3]-p0[4])**2)**(3/2)) - ((p0[3] - p0[5])/((p0[0]-p0[2])**2+(p0[3]-p0[5])**2)**(3/2))[] 
 []


Overfull \hbox (269.24957pt too wide) in paragraph at lines 147--147
[]    \OT1/cmtt/m/n/10 p1[10] = - ((p0[4] - p0[3])/((p0[1]-p0[0])**2+(p0[4]-p0[3])**2)**(3/2)) - ((p0[4] - p0[5])/((p0[1]-p0[2])**2+(p0[4]-p0[5])**2)**(3/2))[] 
 []


Overfull \hbox (269.24957pt too wide) in paragraph at lines 147--147
[]    \OT1/cmtt/m/n/10 p1[11] = - ((p0[5] - p0[3])/((p0[2]-p0[0])**2+(p0[5]-p0[3])**2)**(3/2)) - ((p0[5] - p0[4])/((p0[2]-p0[1])**2+(p0[5]-p0[4])**2)**(3/2))[] 
 []


Overfull \hbox (17.25177pt too wide) in paragraph at lines 202--202
[]    \OT1/cmtt/m/n/10 """Creates a visualization of the three body problem with pert perturbations. Indended[] 
 []

[4]
Overfull \hbox (48.7515pt too wide) in paragraph at lines 202--202
[]    \OT1/cmtt/m/n/10 plt.plot(d['P1: X Position'][0], d['P1: Y Position'][0], c='red', marker='x', label='Earth')[] 
 []


Overfull \hbox (48.7515pt too wide) in paragraph at lines 202--202
[]    \OT1/cmtt/m/n/10 plt.plot(d['P2: X Position'][0], d['P2: Y Position'][0], c='green', marker='x',label='Mars')[] 
 []


Overfull \hbox (54.00145pt too wide) in paragraph at lines 202--202
[]    \OT1/cmtt/m/n/10 plt.plot(d['P3: X Position'][0], d['P3: Y Position'][0], c='blue', marker='x', label='Venus')[] 
 []


Overfull \hbox (12.00182pt too wide) in paragraph at lines 202--202
[]    \OT1/cmtt/m/n/10 plt.plot(d['P1: X Position'], d['P1: Y Position'], c='red', alpha=0.3, label='Earth')[] 
 []


Overfull \hbox (17.25177pt too wide) in paragraph at lines 202--202
[]    \OT1/cmtt/m/n/10 plt.plot(d['P2: X Position'], d['P2: Y Position'], c='green', alpha=0.3, label='Mars')[] 
 []


Overfull \hbox (17.25177pt too wide) in paragraph at lines 202--202
[]    \OT1/cmtt/m/n/10 plt.plot(d['P3: X Position'], d['P3: Y Position'], c='blue', alpha=0.3, label='Venus')[] 
 []


Overfull \hbox (106.50099pt too wide) in paragraph at lines 248--248
[]    \OT1/cmtt/m/n/10 """Creates an average of pert perterbations using Heun's method for a particular duration and stepsize.[] 
 []

[5]
c:/Users/qwert/OneDrive/Documents/GitHub/ThreeBodyProblemVis/Paper/FinalPaper.tex:255: Undefined control sequence.
l.255     \includegraphics
                          [width=0.25\textwidth]{mesh}
The control sequence at the end of the top line
of your error message was never \def'ed. If you have
misspelled it (e.g., `\hobx'), type `I' and the correct
spelling (e.g., `I\hbox'). Otherwise just continue,
and I'll forget about whatever was undefined.

c:/Users/qwert/OneDrive/Documents/GitHub/ThreeBodyProblemVis/Paper/FinalPaper.tex:255: Missing number, treated as zero.
<to be read again> 
                   ]
l.255     \includegraphics[width=0.25\textwidth]
                                                {mesh}
A number should have been here; I inserted `0'.
(If you can't figure out why I needed to see a number,
look up `weird error' in the index to The TeXbook.)

c:/Users/qwert/OneDrive/Documents/GitHub/ThreeBodyProblemVis/Paper/FinalPaper.tex:255: Illegal unit of measure (pt inserted).
<to be read again> 
                   ]
l.255     \includegraphics[width=0.25\textwidth]
                                                {mesh}
Dimensions can be in units of em, ex, in, pt, pc,
cm, mm, dd, cc, nd, nc, bp, or sp; but yours is a new one!
I'll assume that you meant to say pt, for printer's points.
To recover gracefully from this error, it's best to
delete the erroneous units; e.g., type `2' to delete
two letters. (See Chapter 27 of The TeXbook.)

[6] (FinalPaper.aux)

LaTeX Warning: Label(s) may have changed. Rerun to get cross-references right.

 ) 
Here is how much of TeX's memory you used:
 1917 strings out of 476331
 30392 string characters out of 5787765
 1873660 words of memory out of 5000000
 22368 multiletter control sequences out of 15000+600000
 523084 words of font info for 69 fonts, out of 8000000 for 9000
 1141 hyphenation exceptions out of 8191
 57i,9n,62p,773b,273s stack positions out of 10000i,1000n,20000p,200000b,200000s
 <C:\Users\qwert\AppData\Local\MiKTeX\fonts/pk/ljfour/jknappen/ec/dpi600\tcrm1000.pk><C:/Users/qwert/AppData/Local/Programs/MiKTeX/fonts/type1/public/amsfonts/cm/cmbx10.pfb><C:/Users/qwert/AppData/Local/Programs/MiKTeX/fonts/type1/public/amsfonts/cm/cmbx12.pfb><C:/Users/qwert/AppData/Local/Programs/MiKTeX/fonts/type1/public/amsfonts/cm/cmmi10.pfb><C:/Users/qwert/AppData/Local/Programs/MiKTeX/fonts/type1/public/amsfonts/cm/cmr10.pfb><C:/Users/qwert/AppData/Local/Programs/MiKTeX/fonts/type1/public/amsfonts/cm/cmr12.pfb><C:/Users/qwert/AppData/Local/Programs/MiKTeX/fonts/type1/public/amsfonts/cm/cmr17.pfb><C:/Users/qwert/AppData/Local/Programs/MiKTeX/fonts/type1/public/amsfonts/cm/cmr7.pfb><C:/Users/qwert/AppData/Local/Programs/MiKTeX/fonts/type1/public/amsfonts/cm/cmsy10.pfb><C:/Users/qwert/AppData/Local/Programs/MiKTeX/fonts/type1/public/amsfonts/cm/cmtt10.pfb>
Output written on FinalPaper.pdf (6 pages, 140769 bytes).
PDF statistics:
 71 PDF objects out of 1000 (max. 8388607)
 0 named destinations out of 1000 (max. 500000)
 1 words of extra memory for PDF output out of 10000 (max. 10000000)

