\BOOKMARK [1][-]{section.1}{\376\377\000P\000r\000o\000j\000e\000c\000t\000\040\000O\000v\000e\000r\000v\000i\000e\000w}{}% 1
\BOOKMARK [2][-]{subsection.1.1}{\376\377\000I\000n\000t\000r\000o\000d\000u\000c\000t\000i\000o\000n}{section.1}% 2
\BOOKMARK [2][-]{subsection.1.2}{\376\377\000E\000q\000u\000a\000t\000i\000o\000n\000s}{section.1}% 3
\BOOKMARK [2][-]{subsection.1.3}{\376\377\000S\000i\000m\000p\000l\000i\000f\000i\000c\000a\000t\000i\000o\000n}{section.1}% 4
\BOOKMARK [2][-]{subsection.1.4}{\376\377\000G\000o\000a\000l\000s}{section.1}% 5
\BOOKMARK [1][-]{section.2}{\376\377\000P\000r\000o\000c\000e\000s\000s}{}% 6
\BOOKMARK [2][-]{subsection.2.1}{\376\377\000C\000o\000d\000e}{section.2}% 7
\BOOKMARK [3][-]{subsubsection.2.1.1}{\376\377\000N\000e\000c\000e\000s\000s\000a\000r\000y\000\040\000P\000a\000c\000k\000a\000g\000e\000s}{subsection.2.1}% 8
\BOOKMARK [3][-]{subsubsection.2.1.2}{\376\377\000H\000e\000u\000n\000'\000s\000\040\000M\000e\000t\000h\000o\000d}{subsection.2.1}% 9
\BOOKMARK [3][-]{subsubsection.2.1.3}{\376\377\000D\000e\000r\000i\000v\000a\000t\000i\000v\000e}{subsection.2.1}% 10
\BOOKMARK [3][-]{subsubsection.2.1.4}{\376\377\000P\000e\000r\000t\000e\000r\000b\000a\000t\000i\000o\000n\000s}{subsection.2.1}% 11
\BOOKMARK [3][-]{subsubsection.2.1.5}{\376\377\000M\000a\000k\000i\000n\000g\000\040\000P\000l\000o\000t\000s}{subsection.2.1}% 12
\BOOKMARK [3][-]{subsubsection.2.1.6}{\376\377\000M\000a\000k\000i\000n\000g\000\040\000A\000v\000e\000r\000a\000g\000e\000\040\000P\000l\000o\000t\000s}{subsection.2.1}% 13
\BOOKMARK [2][-]{subsection.2.2}{\376\377\000A\000d\000d\000i\000n\000g\000\040\000M\000a\000s\000s\000e\000s\000\040\000\046\000\040\000G}{section.2}% 14
\BOOKMARK [2][-]{subsection.2.3}{\376\377\000E\000x\000p\000l\000o\000r\000i\000n\000g\000\040\000C\000o\000l\000l\000i\000n\000e\000a\000r\000\040\000I\000n\000i\000t\000i\000a\000l\000\040\000C\000o\000n\000d\000i\000t\000i\000o\000n\000s}{section.2}% 15
\BOOKMARK [1][-]{section.3}{\376\377\000R\000e\000s\000u\000l\000t\000s\000\040\000a\000n\000d\000\040\000D\000i\000s\000c\000u\000s\000s\000i\000o\000n}{}% 16
\BOOKMARK [1][-]{section.4}{\376\377\000C\000o\000n\000c\000l\000u\000s\000i\000o\000n}{}% 17
\BOOKMARK [1][-]{section.5}{\376\377\000L\000i\000m\000i\000t\000a\000t\000i\000o\000n\000s}{}% 18
\BOOKMARK [2][-]{subsection.5.1}{\376\377\000R\000u\000n\000t\000i\000m\000e}{section.5}% 19
\BOOKMARK [2][-]{subsection.5.2}{\376\377\000S\000t\000a\000b\000l\000e\000\040\000S\000o\000l\000u\000t\000i\000o\000n\000s}{section.5}% 20
\BOOKMARK [2][-]{subsection.5.3}{\376\377\000M\000a\000s\000s\000e\000s}{section.5}% 21
\BOOKMARK [2][-]{subsection.5.4}{\376\377\000T\000u\000r\000t\000l\000e\000\040\000G\000r\000a\000p\000h\000i\000c\000s}{section.5}% 22
\BOOKMARK [2][-]{subsection.5.5}{\376\377\000A\000s\000t\000r\000o\000n\000o\000m\000i\000c\000a\000l\000\040\000S\000c\000a\000l\000e}{section.5}% 23
\BOOKMARK [1][-]{section.6}{\376\377\000L\000i\000n\000k\000\040\000t\000o\000\040\000C\000o\000d\000e}{}% 24
